[0mGET / [31m500 [0m285.232 ms - 2074[0m
[0mGET / [31m500 [0m17.367 ms - 2074[0m
[0mGET /favicon.ico [32m- [0m- ms - -[0m
[0mGET / [31m500 [0m180.379 ms - 2074[0m
[0mGET /favicon.ico [32m- [0m- ms - -[0m
[0mGET / [31m500 [0m20.498 ms - 2520[0m
[0mGET /favicon.ico [32m- [0m- ms - -[0m
[0mGET / [32m200 [0m255.153 ms - 822[0m
[0mGET /stylesheets/style.css [32m200 [0m111.012 ms - 110[0m
[0mGET /javascripts/main.js [32m200 [0m17.566 ms - 1448[0m
[0mGET / [32m200 [0m52.380 ms - 1016[0m
[0mGET /static/css/app.css [32m- [0m- ms - -[0m
[0mGET / [32m200 [0m286.898 ms - 964[0m
[0mGET /stylesheets/app.css [32m200 [0m8.083 ms - 144[0m
[0mGET /login [32m- [0m- ms - -[0m
[0mGET /favicon.ico [32m- [0m- ms - -[0m
[0mGET /login [32m- [0m- ms - -[0m
[0mGET / [32m200 [0m70.484 ms - 965[0m
[0mGET /favicon.ico [32m- [0m- ms - -[0m
[0mGET /stylesheets/app.css [36m304 [0m2.405 ms - -[0m
[0mGET /favicon.ico [32m- [0m- ms - -[0m
[0mGET /favicon.ico [32m- [0m- ms - -[0m
[0mGET / [36m304 [0m267.025 ms - -[0m
[0mGET /javascripts/main.js [36m304 [0m4.596 ms - -[0m
[0mGET /stylesheets/app.css [36m304 [0m7.581 ms - -[0m
[0mGET /login [31m500 [0m46.639 ms - 2851[0m
[0mGET /favicon.ico [32m- [0m- ms - -[0m
[0mGET /javascripts/main.js [36m304 [0m1.126 ms - -[0m
[0mGET /stylesheets/app.css [36m304 [0m4.413 ms - -[0m
[0mGET / [36m304 [0m260.318 ms - -[0m
[0mGET /javascripts/main.js [36m304 [0m4.974 ms - -[0m
[0mGET /stylesheets/app.css [36m304 [0m8.059 ms - -[0m
[0mGET /login [31m500 [0m54.649 ms - 2861[0m
[0mGET /favicon.ico [32m- [0m- ms - -[0m
[0mGET /javascripts/main.js [36m304 [0m0.951 ms - -[0m
[0mGET /stylesheets/app.css [36m304 [0m1.874 ms - -[0m
[0mGET / [36m304 [0m279.523 ms - -[0m
[0mGET /javascripts/main.js [36m304 [0m4.539 ms - -[0m
[0mGET /stylesheets/app.css [36m304 [0m8.346 ms - -[0m
[0mGET /login [32m200 [0m65.155 ms - 1433[0m
[0mGET /favicon.ico [32m- [0m- ms - -[0m
[0mGET /javascripts/main.js [36m304 [0m1.295 ms - -[0m
[0mGET /stylesheets/app.css [36m304 [0m2.377 ms - -[0m
[0mGET / [36m304 [0m34.148 ms - -[0m
[0mGET /favicon.ico [32m- [0m- ms - -[0m
[0mGET /javascripts/main.js [36m304 [0m3.547 ms - -[0m
[0mGET /stylesheets/app.css [36m304 [0m4.632 ms - -[0m
[0mGET /login [36m304 [0m34.939 ms - -[0m
[0mGET /favicon.ico [32m- [0m- ms - -[0m
[0mGET /javascripts/main.js [36m304 [0m1.063 ms - -[0m
[0mGET /stylesheets/app.css [36m304 [0m2.710 ms - -[0m
[0mGET /favicon.ico [32m- [0m- ms - -[0m
[0mGET /favicon.ico [32m- [0m- ms - -[0m
[0mGET /favicon.ico [32m- [0m- ms - -[0m
[0mGET / [36m304 [0m295.748 ms - -[0m
[0mGET /javascripts/main.js [36m304 [0m4.751 ms - -[0m
[0mGET /stylesheets/app.css [36m304 [0m8.057 ms - -[0m
[0mGET /signup [32m200 [0m68.446 ms - 1730[0m
[0mGET /favicon.ico [32m- [0m- ms - -[0m
[0mGET /javascripts/main.js [36m304 [0m7.321 ms - -[0m
[0mGET /stylesheets/app.css [36m304 [0m8.715 ms - -[0m
[0mGET /login [36m304 [0m45.014 ms - -[0m
[0mGET /favicon.ico [32m- [0m- ms - -[0m
[0mGET /javascripts/main.js [36m304 [0m2.366 ms - -[0m
[0mGET /stylesheets/app.css [36m304 [0m4.881 ms - -[0m
[0mGET /signup [36m304 [0m65.862 ms - -[0m
[0mGET /favicon.ico [32m- [0m- ms - -[0m
[0mGET /javascripts/main.js [36m304 [0m3.152 ms - -[0m
[0mGET /stylesheets/app.css [36m304 [0m5.922 ms - -[0m
[0mGET /login [36m304 [0m57.453 ms - -[0m
[0mGET /favicon.ico [32m- [0m- ms - -[0m
[0mGET /javascripts/main.js [36m304 [0m1.303 ms - -[0m
[0mGET /stylesheets/app.css [36m304 [0m3.554 ms - -[0m
[0mGET /signup [36m304 [0m32.458 ms - -[0m
[0mGET /favicon.ico [32m- [0m- ms - -[0m
[0mGET /javascripts/main.js [36m304 [0m3.096 ms - -[0m
[0mGET /stylesheets/app.css [36m304 [0m7.354 ms - -[0m
[0mGET /login [36m304 [0m29.450 ms - -[0m
[0mGET /favicon.ico [32m- [0m- ms - -[0m
[0mGET /javascripts/main.js [36m304 [0m2.722 ms - -[0m
[0mGET /stylesheets/app.css [36m304 [0m6.142 ms - -[0m
[0mGET / [32m200 [0m41.645 ms - 942[0m
[0mGET /login [32m200 [0m38.062 ms - 1399[0m
[0mGET /login [32m200 [0m48.894 ms - 1389[0m
[0mGET /favicon.ico [32m- [0m- ms - -[0m
[0mGET /signup [32m200 [0m36.921 ms - 1730[0m
[0mGET /favicon.ico [32m- [0m- ms - -[0m
[0mGET /favicon.ico [32m- [0m- ms - -[0m
[0mGET / [32m200 [0m278.986 ms - 965[0m
[0mGET /stylesheets/app.css [36m304 [0m12.603 ms - -[0m
[0mGET /javascripts/main.js [32m200 [0m14.349 ms - 1448[0m
[0mGET /login [32m200 [0m71.490 ms - 1433[0m
[0mGET /favicon.ico [32m- [0m- ms - -[0m
[0mGET /javascripts/main.js [36m304 [0m2.816 ms - -[0m
[0mGET /stylesheets/app.css [36m304 [0m5.651 ms - -[0m
[0mGET /signup [32m200 [0m60.711 ms - 1767[0m
[0mGET /favicon.ico [32m- [0m- ms - -[0m
[0mGET /javascripts/main.js [36m304 [0m3.417 ms - -[0m
[0mGET /stylesheets/app.css [36m304 [0m4.851 ms - -[0m
[0mGET /signup [32m200 [0m46.544 ms - 1790[0m
[0mGET /favicon.ico [32m- [0m- ms - -[0m
[0mGET /javascripts/main.js [36m304 [0m1.159 ms - -[0m
[0mGET /stylesheets/app.css [36m304 [0m6.170 ms - -[0m
[0mGET /login [36m304 [0m43.513 ms - -[0m
[0mGET /favicon.ico [32m- [0m- ms - -[0m
[0mGET /javascripts/main.js [36m304 [0m18.898 ms - -[0m
[0mGET /stylesheets/app.css [36m304 [0m20.396 ms - -[0m
[0mPOST /sessions [32m- [0m- ms - -[0m
[0mGET /favicon.ico [32m- [0m- ms - -[0m
[0mGET /login [36m304 [0m30.596 ms - -[0m
[0mGET /javascripts/main.js [36m304 [0m1.664 ms - -[0m
[0mGET /stylesheets/app.css [36m304 [0m5.253 ms - -[0m
[0mGET / [36m304 [0m296.481 ms - -[0m
[0mGET /javascripts/main.js [36m304 [0m4.067 ms - -[0m
[0mGET /stylesheets/app.css [36m304 [0m7.591 ms - -[0m
[0mGET /favicon.ico [32m- [0m- ms - -[0m
[0mGET /favicon.ico [32m- [0m- ms - -[0m
[0mGET / [32m200 [0m62.106 ms - 956[0m
[0mGET /javascripts/main.js [36m304 [0m0.675 ms - -[0m
[0mGET /stylesheets/app.css [36m304 [0m1.468 ms - -[0m
[0mGET / [32m200 [0m30.259 ms - 965[0m
[0mGET /favicon.ico [32m- [0m- ms - -[0m
[0mGET /javascripts/main.js [36m304 [0m1.049 ms - -[0m
[0mGET /stylesheets/app.css [36m304 [0m2.394 ms - -[0m
[0mGET /favicon.ico [32m- [0m- ms - -[0m
[0mGET /favicon.ico [32m- [0m- ms - -[0m
[0mGET / [32m200 [0m37.656 ms - 972[0m
[0mGET /javascripts/main.js [36m304 [0m1.116 ms - -[0m
[0mGET /stylesheets/app.css [36m304 [0m2.472 ms - -[0m
[0mGET /favicon.ico [32m- [0m- ms - -[0m
[0mGET /favicon.ico [32m- [0m- ms - -[0m
[0mGET / [31m500 [0m15.847 ms - 2400[0m
[0mGET /favicon.ico [32m- [0m- ms - -[0m
[0mGET /favicon.ico [32m- [0m- ms - -[0m
[0mGET / [31m500 [0m22.481 ms - 2401[0m
[0mGET / [31m500 [0m11.248 ms - 2445[0m
[0mGET /favicon.ico [32m- [0m- ms - -[0m
[0mGET / [32m200 [0m77.952 ms - 902[0m
[0mGET /favicon.ico [32m- [0m- ms - -[0m
[0mGET /javascripts/main.js [36m304 [0m1.386 ms - -[0m
[0mGET /stylesheets/app.css [36m304 [0m2.602 ms - -[0m
[0mGET /signup [32m200 [0m53.393 ms - 1727[0m
[0mGET /favicon.ico [32m- [0m- ms - -[0m
[0mGET /javascripts/main.js [36m304 [0m1.391 ms - -[0m
[0mGET /stylesheets/app.css [36m304 [0m4.343 ms - -[0m
[0mGET /login [32m200 [0m29.455 ms - 1370[0m
[0mGET /favicon.ico [32m- [0m- ms - -[0m
[0mGET /javascripts/main.js [36m304 [0m7.808 ms - -[0m
[0mGET /stylesheets/app.css [36m304 [0m13.843 ms - -[0m
[0mGET /signup [36m304 [0m36.455 ms - -[0m
[0mGET /favicon.ico [32m- [0m- ms - -[0m
[0mGET /stylesheets/app.css [36m304 [0m2.158 ms - -[0m
[0mGET /javascripts/main.js [36m304 [0m3.467 ms - -[0m
[0mGET /favicon.ico [32m- [0m- ms - -[0m
[0mGET /favicon.ico [32m- [0m- ms - -[0m
[0mGET /signup [32m200 [0m49.592 ms - 1723[0m
[0mGET /stylesheets/app.css [36m304 [0m1.489 ms - -[0m
[0mGET /javascripts/main.js [36m304 [0m1.550 ms - -[0m
[0mGET / [36m304 [0m31.016 ms - -[0m
[0mGET /favicon.ico [32m- [0m- ms - -[0m
[0mGET /javascripts/main.js [36m304 [0m2.867 ms - -[0m
[0mGET /stylesheets/app.css [36m304 [0m4.008 ms - -[0m
[0mGET /signup [36m304 [0m38.863 ms - -[0m
[0mGET /favicon.ico [32m- [0m- ms - -[0m
[0mGET /javascripts/main.js [36m304 [0m5.269 ms - -[0m
[0mGET /stylesheets/app.css [36m304 [0m6.583 ms - -[0m
[0mGET /signup [36m304 [0m33.507 ms - -[0m
[0mGET /favicon.ico [32m- [0m- ms - -[0m
[0mGET /stylesheets/app.css [36m304 [0m1.213 ms - -[0m
[0mGET /javascripts/main.js [36m304 [0m0.743 ms - -[0m
[0mGET / [32m200 [0m295.289 ms - 903[0m
[0mGET /javascripts/main.js [36m304 [0m3.929 ms - -[0m
[0mGET /stylesheets/app.css [36m304 [0m7.180 ms - -[0m
[0mGET /signup [32m200 [0m75.120 ms - 1727[0m
[0mGET /favicon.ico [32m- [0m- ms - -[0m
[0mGET /javascripts/main.js [36m304 [0m1.760 ms - -[0m
[0mGET /stylesheets/app.css [36m304 [0m9.819 ms - -[0m
[0mGET / [36m304 [0m36.351 ms - -[0m
[0mGET /favicon.ico [32m- [0m- ms - -[0m
[0mGET /javascripts/main.js [36m304 [0m3.692 ms - -[0m
[0mGET /stylesheets/app.css [36m304 [0m5.591 ms - -[0m
[0mGET /login [32m200 [0m29.310 ms - 1371[0m
[0mGET /favicon.ico [32m- [0m- ms - -[0m
[0mGET /javascripts/main.js [36m304 [0m3.858 ms - -[0m
[0mGET /stylesheets/app.css [36m304 [0m5.350 ms - -[0m
[0mGET /signup [36m304 [0m93.939 ms - -[0m
[0mGET /favicon.ico [32m- [0m- ms - -[0m
[0mGET /javascripts/main.js [36m304 [0m3.866 ms - -[0m
[0mGET /stylesheets/app.css [36m304 [0m5.697 ms - -[0m
[0mGET /favicon.ico [32m- [0m- ms - -[0m
[0mGET /favicon.ico [32m- [0m- ms - -[0m
[0mPOST /signup [31m500 [0m268.046 ms - 499[0m
[0mPOST /signup [31m500 [0m6.630 ms - 321[0m
[0mPOST /signup [31m500 [0m83.448 ms - 42[0m
[0mPOST /signup [31m500 [0m5.849 ms - 42[0m
[0mPOST /signup [31m500 [0m48.965 ms - 45[0m
[0mGET / [32m200 [0m37.139 ms - 565[0m
[0mPOST /signup [32m200 [0m63.577 ms - 229[0m
[0mPOST /login [31m500 [0m97.987 ms - 59[0m
[0mGET / [32m200 [0m17.660 ms - 757[0m
[0mPOST /login [31m500 [0m63.014 ms - 58[0m
[0mGET / [36m304 [0m17.834 ms - -[0m
[0mGET /login [33m404 [0m21.737 ms - 37[0m
[0mPOST /login [31m500 [0m40.127 ms - 59[0m
[0mPOST /login [31m500 [0m44.887 ms - 59[0m
[0mPOST /login [36m302 [0m31.078 ms - 28[0m
[0mGET /users [32m200 [0m3.882 ms - 42[0m
[0mPOST /login [31m500 [0m5.846 ms - 59[0m
[0mPOST /login [36m302 [0m5.291 ms - 28[0m
[0mGET /users [36m304 [0m1.989 ms - -[0m
[0mPOST / [33m404 [0m40.142 ms - 37[0m
[0mPOST /login [33m404 [0m6.667 ms - 37[0m
[0mGET / [33m404 [0m2.144 ms - 37[0m
[0mPOST /login [33m404 [0m2.137 ms - 37[0m
[0mPOST //login [33m404 [0m1.712 ms - 37[0m
[0mGET //login [33m404 [0m6.646 ms - 37[0m
[0mGET //login [33m404 [0m19.335 ms - 37[0m
[0mGET //login [33m404 [0m18.536 ms - 37[0m
[0mGET //login [33m404 [0m22.834 ms - 37[0m
[0mGET /login [36m302 [0m7.107 ms - 28[0m
[0mGET /users [33m404 [0m3.430 ms - 37[0m
[0mPOST /login [36m302 [0m38.369 ms - 28[0m
[0mGET /users [33m404 [0m4.699 ms - 37[0m
[0mPOST /users [36m302 [0m55.710 ms - 27[0m
[0mGET /home [33m404 [0m4.416 ms - 37[0m
[0mPOST /home [32m200 [0m8.554 ms - 757[0m
[0mPOST /home [32m200 [0m54.902 ms - 757[0m
[0mPOST / [33m404 [0m55.357 ms - 37[0m
[0mPOST / [33m404 [0m5.756 ms - 37[0m
[0mPOST /home/ [32m200 [0m23.213 ms - 757[0m
[0mPOST /home [32m200 [0m10.054 ms - 757[0m
[0mPOST /home [32m200 [0m51.802 ms - 757[0m
[0mPOST /home [32m200 [0m52.213 ms - 757[0m
[0mPOST /home [32m200 [0m49.169 ms - 757[0m
[0mPOST /home [31m500 [0m39.757 ms - 54[0m
[0mPOST /home [32m200 [0m34.639 ms - 53[0m
[0mPOST /users [32m200 [0m5.138 ms - 53[0m
[0mPOST /users [31m500 [0m74.419 ms - 27[0m
[0mGET /home [31m500 [0m8.433 ms - 757[0m
[0mGET /users [33m404 [0m3.766 ms - 37[0m
[0mGET /home [31m500 [0m6.335 ms - -[0m
[0mGET /home/all [32m200 [0m30.845 ms - 757[0m
[0mGET /home/all [32m200 [0m17.497 ms - 53[0m
[0mGET /home/all [36m304 [0m22.255 ms - -[0m
[0mPOST /login [36m302 [0m25.309 ms - 28[0m
[0mGET /users [33m404 [0m3.938 ms - 37[0m
[0mPOST /login [36m302 [0m30.604 ms - 28[0m
[0mGET /users [33m404 [0m3.596 ms - 37[0m
[0mPOST /login [31m500 [0m71.664 ms - 27[0m
[0mGET /home [33m404 [0m4.640 ms - 37[0m
[0mPOST /login [32m200 [0m52.220 ms - 209[0m
[0mGET /home [32m200 [0m5.835 ms - 53[0m
[0mPOST /login [32m200 [0m6.463 ms - 28[0m
[0mPOST /login [32m200 [0m6.014 ms - 28[0m
[0mPOST /login [32m200 [0m3.677 ms - 28[0m
[0mPOST /login [32m200 [0m4.872 ms - 28[0m
[0mPOST //login [33m404 [0m2.987 ms - 37[0m
[0mPOST //login [33m404 [0m2.008 ms - 37[0m
[0mPOST /login [32m200 [0m3.566 ms - 209[0m
[0mGET /home/all [36m304 [0m18.715 ms - -[0m
[0mGET /home/all [31m500 [0m36.040 ms - 757[0m
[0mGET /home/all [31m500 [0m27.303 ms - 62[0m
[0mGET /home/all [31m500 [0m36.806 ms - 757[0m
[0mGET /home/all [36m304 [0m40.237 ms - -[0m
[0mGET /home/all [32m200 [0m32.135 ms - 53[0m
[0mGET /home/all [36m304 [0m25.566 ms - -[0m
[0mGET /home/all [36m304 [0m35.577 ms - -[0m
[0mGET /home/all [36m304 [0m30.279 ms - -[0m
[0mGET /home/all [36m304 [0m34.581 ms - -[0m
[0mGET /home/all [31m500 [0m37.036 ms - 65[0m
[0mGET /home/all [31m500 [0m33.615 ms - 42[0m
[0mGET /home/all [32m200 [0m37.753 ms - 53[0m
[0mGET /home/all [36m304 [0m40.805 ms - -[0m
[0mGET /home/all [36m304 [0m38.093 ms - -[0m
[0mGET /home/all [36m304 [0m33.495 ms - -[0m
[0mGET /home/all [32m200 [0m43.370 ms - 757[0m
[0mPOST /home/all [32m200 [0m8.580 ms - 53[0m
[0mPOST /login [32m200 [0m5.141 ms - 28[0m
[0mPOST /login [32m200 [0m32.730 ms - 209[0m
[0mPOST /signup [33m404 [0m4.384 ms - 37[0m
[0mPOST /login/signup [32m200 [0m26.554 ms - 223[0m
[0mGET /home/all [32m200 [0m8.120 ms - 943[0m
[0mPOST /home/add [31m500 [0m68.539 ms - 356[0m
[0mPOST /home/add [32m200 [0m64.597 ms - 232[0m
[0mGET /home/all [32m200 [0m8.947 ms - 220[0m
[0mPUT /home/upd?56ec4252ee8a329449869123 [33m404 [0m5.057 ms - 37[0m
[0mPUT /home/upd [33m404 [0m5.009 ms - 37[0m
[0mGET /home/all [36m304 [0m6.581 ms - -[0m
[0mPUT /home/all [33m400 [0m34.387 ms - 370[0m
[0mPUT /home/all [33m404 [0m36.326 ms - 37[0m
[0mPUT /home/upd [32m200 [0m43.454 ms - 225[0m
[0mPOST /home/add [32m200 [0m14.384 ms - 225[0m
[0mPOST /home/all [33m404 [0m3.405 ms - 37[0m
[0mGET /home/all [32m200 [0m6.680 ms - 398[0m
[0mDELETE /home/del [31m500 [0m60.687 ms - 42[0m
[0mDELETE /home/del [31m500 [0m58.395 ms - 62[0m
[0mDELETE /home/del [31m500 [0m55.991 ms - 62[0m
[0mGET /home/all [32m200 [0m12.300 ms - 213[0m
[0mPOST /home/add [32m200 [0m26.911 ms - 225[0m
[0mDELETE /home/del [33m400 [0m2.319 ms - 120[0m
[0mDELETE /home/del [31m500 [0m24.143 ms - 42[0m
[0mGET /home/all [36m304 [0m5.146 ms - -[0m
[0mDELETE /home/all [33m404 [0m56.036 ms - 37[0m
[0mDELETE /home/del [32m200 [0m39.842 ms - 45[0m
[0mGET /home/all [32m200 [0m7.411 ms - 29[0m
